[11400:12372:0527/152405.282:INFO:components\enterprise\browser\controller\chrome_browser_cloud_management_controller.cc:202] No machine level policy manager exists.
[11084:18644:0527/152405.368:ERROR:ui\gl\direct_composition_support.cc:615] AMD VideoProcessorGetOutputExtension failed: Unspecified error (0x80004005)
[11400:12372:0527/152534.682:INFO:CONSOLE:0] "Mixed Content: The page at 'https://www.irctc.co.in/nget/train-search' was loaded over HTTPS, but requested an insecure element 'http://contents.irctc.co.in/en/GPT_NWEB_HOME_TOP1.jpeg'. This request was automatically upgraded to HTTPS, For more information see https://blog.chromium.org/2019/10/no-more-mixed-messages-about-https.html", source: https://www.irctc.co.in/nget/train-search (0)
[11400:12372:0527/152534.682:INFO:CONSOLE:0] "Mixed Content: The page at 'https://www.irctc.co.in/nget/train-search' was loaded over HTTPS, but requested an insecure element 'http://contents.irctc.co.in/en/GPT_NWEB_HOME_TOP.jpeg'. This request was automatically upgraded to HTTPS, For more information see https://blog.chromium.org/2019/10/no-more-mixed-messages-about-https.html", source: https://www.irctc.co.in/nget/train-search (0)
[11400:12372:0527/152534.682:INFO:CONSOLE:0] "Mixed Content: The page at 'https://www.irctc.co.in/nget/train-search' was loaded over HTTPS, but requested an insecure element 'http://contents.irctc.co.in/en/GPT_NWEB_HOME_CENTER.jpeg'. This request was automatically upgraded to HTTPS, For more information see https://blog.chromium.org/2019/10/no-more-mixed-messages-about-https.html", source: https://www.irctc.co.in/nget/train-search (0)
[11400:12372:0527/152534.682:INFO:CONSOLE:0] "Mixed Content: The page at 'https://www.irctc.co.in/nget/train-search' was loaded over HTTPS, but requested an insecure element 'http://contents.irctc.co.in/en/HOME_BOTTOM_RIGHT.jpeg'. This request was automatically upgraded to HTTPS, For more information see https://blog.chromium.org/2019/10/no-more-mixed-messages-about-https.html", source: https://www.irctc.co.in/nget/train-search (0)
[11400:12372:0527/152535.061:INFO:CONSOLE:998] "Potential permissions policy violation: geolocation is not allowed in this document.", source: https://sdk.irctc.corover.ai/askdisha-bucket/chatbot_IRCTC_V2.js?1748339734945 (998)
[11400:12372:0527/152535.061:INFO:CONSOLE:998] "Potential permissions policy violation: microphone is not allowed in this document.", source: https://sdk.irctc.corover.ai/askdisha-bucket/chatbot_IRCTC_V2.js?1748339734945 (998)
[11400:12372:0527/152535.074:INFO:CONSOLE:0] "Potential permissions policy violation: geolocation is not allowed in this document.", source:  (0)
[11400:12372:0527/152535.074:INFO:CONSOLE:0] "Potential permissions policy violation: microphone is not allowed in this document.", source:  (0)
[11400:12372:0527/152535.238:INFO:CONSOLE:0] "Refused to execute script from 'https://askdisha.irctc.co.in/dishaAPI/bot/main876546754.js?1748339735102' because its MIME type ('application/json') is not executable, and strict MIME type checking is enabled.", source: https://askdisha.irctc.co.in/?support=true (0)
[11400:12372:0527/152535.356:INFO:CONSOLE:10] "Impression tracker triggered", source:  (10)
[11400:12372:0527/152537.815:INFO:CONSOLE:1] "Uncaught ReferenceError: t is not defined", source: blob:https://www.irctc.co.in/5f38d730-d669-4051-9400-5525e3485254 (1)
[11400:12372:0527/152541.262:WARNING:chrome\browser\media\prefs\capture_device_ranking.h:255] Can't initialize the value of media.audio_input.user_preference_ranking because media.default_audio_capture_device isn't registered or is empty
[11400:12372:0527/152541.262:WARNING:chrome\browser\media\prefs\capture_device_ranking.h:255] Can't initialize the value of media.video_input.user_preference_ranking because media.default_video_capture_Device isn't registered or is empty
[11400:12372:0527/152548.346:INFO:CONSOLE:0] "Autofocus processing was blocked because a document already has a focused element.", source: https://www.irctc.co.in/nget/train-search (0)
[11400:12372:0527/152548.451:INFO:CONSOLE:0] "[DOM] Input elements should have autocomplete attributes (suggested: "current-password"): (More info: https://goo.gl/9p2vKq) %o", source: https://www.irctc.co.in/nget/train-search (0)
[11400:12372:0527/152549.649:INFO:CONSOLE:2] "Powered by AMP ⚡ HTML – Version 2504241805000 https://www.irctc.co.in/nget/train-search", source: https://cdn.ampproject.org/rtv/012504241805000/amp4ads-v0.mjs (2)
[11400:12372:0527/152600.628:INFO:CONSOLE:0] "Mixed Content: The page at 'https://www.irctc.co.in/nget/train-search' was loaded over HTTPS, but requested an insecure element 'http://contents.irctc.co.in/en/GPT_NWEB_HOME_TOP1.jpeg'. This request was automatically upgraded to HTTPS, For more information see https://blog.chromium.org/2019/10/no-more-mixed-messages-about-https.html", source: https://www.irctc.co.in/nget/train-search (0)
[11400:12372:0527/152600.628:INFO:CONSOLE:0] "Mixed Content: The page at 'https://www.irctc.co.in/nget/train-search' was loaded over HTTPS, but requested an insecure element 'http://contents.irctc.co.in/en/GPT_NWEB_HOME_TOP.jpeg'. This request was automatically upgraded to HTTPS, For more information see https://blog.chromium.org/2019/10/no-more-mixed-messages-about-https.html", source: https://www.irctc.co.in/nget/train-search (0)
[11400:12372:0527/152600.629:INFO:CONSOLE:0] "Mixed Content: The page at 'https://www.irctc.co.in/nget/train-search' was loaded over HTTPS, but requested an insecure element 'http://contents.irctc.co.in/en/GPT_NWEB_HOME_CENTER.jpeg'. This request was automatically upgraded to HTTPS, For more information see https://blog.chromium.org/2019/10/no-more-mixed-messages-about-https.html", source: https://www.irctc.co.in/nget/train-search (0)
[11400:12372:0527/152600.629:INFO:CONSOLE:0] "Mixed Content: The page at 'https://www.irctc.co.in/nget/train-search' was loaded over HTTPS, but requested an insecure element 'http://contents.irctc.co.in/en/HOME_BOTTOM_RIGHT.jpeg'. This request was automatically upgraded to HTTPS, For more information see https://blog.chromium.org/2019/10/no-more-mixed-messages-about-https.html", source: https://www.irctc.co.in/nget/train-search (0)
[11400:12372:0527/152601.129:INFO:CONSOLE:10] "Impression tracker triggered", source:  (10)
[11400:12372:0527/152601.158:INFO:CONSOLE:998] "Potential permissions policy violation: geolocation is not allowed in this document.", source: https://sdk.irctc.corover.ai/askdisha-bucket/chatbot_IRCTC_V2.js?1748339761053 (998)
[11400:12372:0527/152601.158:INFO:CONSOLE:998] "Potential permissions policy violation: microphone is not allowed in this document.", source: https://sdk.irctc.corover.ai/askdisha-bucket/chatbot_IRCTC_V2.js?1748339761053 (998)
[11400:12372:0527/152601.172:INFO:CONSOLE:0] "Potential permissions policy violation: geolocation is not allowed in this document.", source:  (0)
[11400:12372:0527/152601.172:INFO:CONSOLE:0] "Potential permissions policy violation: microphone is not allowed in this document.", source:  (0)
[11400:12372:0527/152601.428:INFO:CONSOLE:9] "Refused to execute script from 'https://askdisha.irctc.co.in/dishaAPI/bot/main876546754.js?1748339761224' because its MIME type ('application/json') is not executable, and strict MIME type checking is enabled.", source: https://askdisha.irctc.co.in/?support=true (9)
[11400:12372:0527/152602.749:INFO:CONSOLE:1] "Uncaught ReferenceError: t is not defined", source: blob:https://www.irctc.co.in/df5d3955-d40e-4975-912e-46e05d16adfe (1)
[11400:12372:0527/152602.967:WARNING:chrome\browser\media\prefs\capture_device_ranking.h:255] Can't initialize the value of media.audio_input.user_preference_ranking because media.default_audio_capture_device isn't registered or is empty
[11400:12372:0527/152602.967:WARNING:chrome\browser\media\prefs\capture_device_ranking.h:255] Can't initialize the value of media.video_input.user_preference_ranking because media.default_video_capture_Device isn't registered or is empty
